<?xml version="1.0" encoding="UTF-8"?>
<testsuite xmlns:xsi="http://www.w3.org/2001/XMLSchema-instance" xsi:noNamespaceSchemaLocation="https://maven.apache.org/surefire/maven-surefire-plugin/xsd/surefire-test-report.xsd" name="com.mxx910.blog.BlogApplicationTests" time="4.857" tests="2" errors="0" skipped="0" failures="0">
  <properties>
[...]
</properties>
  <testcase name="contextLoads" classname="com.mxx910.blog.BlogApplicationTests" time="0.469"/>
  <testcase name="sendCode" classname="com.mxx910.blog.BlogApplicationTests" time="0.004"/>
</testsuite>